[debug] > Exec(early(addDefaultCommands), None, None)
[debug] > Exec(addDefaultCommands, None, None)
[debug] > Exec(early(initialize), None, None)
[debug] > Exec(initialize, None, None)
[debug] > Exec(early(addPluginSbtFile="""C:\Users\aaaaaaa\AppData\Local\Temp\idea.sbt"""), None, None)
[debug] > Exec(addPluginSbtFile="""C:\Users\aaaaaaa\AppData\Local\Temp\idea.sbt""", None, None)
[debug] > Exec(boot, None, None)
[debug] > Exec(writeSbtVersion, None, None)
[debug] > Exec(reload, None, None)
[debug] > Exec(sbtStashOnFailure, None, None)
[debug] > Exec(onFailure loadFailed, None, None)
[debug] > Exec(loadp, None, None)
[info] welcome to sbt 1.5.5 (Oracle Corporation Java 15.0.2)
[debug]       Load.loadUnit: plugins took 74.288213ms
[debug]       Load.loadUnit: defsScala took 0.221816ms
[debug] [Loading] Scanning directory C:\Users\aaaaaaa\.sbt\1.0\plugins
[debug] [Loading] Found non-root projects 
[debug] [Loading] Done in C:\Users\aaaaaaa\.sbt\1.0\plugins, returning: ()
[debug] deducing auto plugins based on known facts Set(Atom(sbt.plugins.CorePlugin)) and clauses Clauses(Clause(Atom(sbt.plugins.JvmPlugin),Set(Atom(sbt.plugins.IvyPlugin)))
[debug] Clause(Atom(sbt.ScriptedPlugin),Set(Atom(sbt.plugins.JvmPlugin)))
[debug] Clause(Atom(sbt.plugins.SbtPlugin),Set(Atom(sbt.ScriptedPlugin)))
[debug] Clause(Atom(sbt.plugins.SemanticdbPlugin),Set(Atom(sbt.plugins.JvmPlugin)))
[debug] Clause(Atom(sbt.plugins.JUnitXmlReportPlugin),Set(Atom(sbt.plugins.JvmPlugin)))
[debug] Clause(Atom(sbt.plugins.MiniDependencyTreePlugin),Set(Atom(sbt.plugins.JvmPlugin)))
[debug] Clause(Atom(sbt.plugins.CorePlugin),Set(Atom(sbt.plugins.IvyPlugin)))
[debug] Clause(Atom(sbt.plugins.IvyPlugin),Set(Atom(sbt.plugins.JvmPlugin)))
[debug] Clause(Atom(sbt.plugins.JvmPlugin),Set(Atom(sbt.plugins.SemanticdbPlugin)))
[debug] Clause(Atom(sbt.plugins.JvmPlugin),Set(Atom(sbt.plugins.JUnitXmlReportPlugin)))
[debug] Clause(Atom(sbt.plugins.CorePlugin),Set(Atom(sbt.plugins.Giter8TemplatePlugin)))
[debug] Clause(Atom(sbt.plugins.JvmPlugin),Set(Atom(sbt.plugins.MiniDependencyTreePlugin))))
[debug]   :: deduced result: Matched(sbt.plugins.CorePlugin,sbt.plugins.Giter8TemplatePlugin,sbt.plugins.IvyPlugin,sbt.plugins.JvmPlugin,sbt.plugins.MiniDependencyTreePlugin,sbt.plugins.JUnitXmlReportPlugin,sbt.plugins.SemanticdbPlugin)
[debug] Plugins.deducer#function took 14.736719 ms
[debug]           Load.resolveProject(global-plugins) took 33.273642ms
[debug]         Load.loadTransitive: finalizeProject(Project(id global-plugins, base: C:\Users\aaaaaaa\.sbt\1.0\plugins, plugins: List(<none>))) took 63.367621ms
[debug] [Loading] Done in C:\Users\aaaaaaa\.sbt\1.0\plugins, returning: (global-plugins)
[debug]       Load.loadUnit: loadedProjectsRaw took 79.227318ms
[debug]       Load.loadUnit: cleanEvalClasses took 0.254292ms
[debug]     Load.loadUnit(file:/C:/Users/aaaaaaa/.sbt/1.0/plugins/, ...) took 161.027519ms
[debug]   Load.apply: load took 298.180774ms
[debug]   Load.apply: resolveProjects took 4.319403ms
[debug]   Load.apply: finalTransforms took 54.995048ms
[debug]   Load.apply: config.delegates took 9.995055ms
[debug]   Load.apply: Def.make(settings)... took 294.518577ms
[debug]   Load.apply: structureIndex took 101.328032ms
[debug]   Load.apply: mkStreams took 1.708317ms
[info] loading global plugins from C:\Users\aaaaaaa\.sbt\1.0\plugins
[debug] Running task... Cancel: Signal, check cycles: false, forcegc: true
[debug] Load.defaultLoad until apply took 3879.07681ms
[debug]           Load.loadUnit: plugins took 26.259134ms
[debug]           Load.loadUnit: defsScala took 0.004051ms
[debug] [Loading] Scanning directory D:\Education\V семестр\Функціональне програмування\Lab 1\project
[debug]             Load.loadUnit: mkEval took 6.660274ms
[debug] [Loading] Found non-root projects 
[debug] [Loading] Done in D:\Education\V семестр\Функціональне програмування\Lab 1\project, returning: ()
[debug] deducing auto plugins based on known facts Set(Atom(sbt.plugins.CorePlugin)) and clauses Clauses(Clause(Atom(sbt.plugins.JvmPlugin),Set(Atom(sbt.plugins.IvyPlugin)))
[debug] Clause(Atom(sbt.ScriptedPlugin),Set(Atom(sbt.plugins.JvmPlugin)))
[debug] Clause(Atom(sbt.plugins.SbtPlugin),Set(Atom(sbt.ScriptedPlugin)))
[debug] Clause(Atom(sbt.plugins.SemanticdbPlugin),Set(Atom(sbt.plugins.JvmPlugin)))
[debug] Clause(Atom(sbt.plugins.JUnitXmlReportPlugin),Set(Atom(sbt.plugins.JvmPlugin)))
[debug] Clause(Atom(sbt.plugins.MiniDependencyTreePlugin),Set(Atom(sbt.plugins.JvmPlugin)))
[debug] Clause(Atom(sbt.plugins.CorePlugin),Set(Atom(sbt.plugins.IvyPlugin)))
[debug] Clause(Atom(sbt.plugins.IvyPlugin),Set(Atom(sbt.plugins.JvmPlugin)))
[debug] Clause(Atom(sbt.plugins.JvmPlugin),Set(Atom(sbt.plugins.SemanticdbPlugin)))
[debug] Clause(Atom(sbt.plugins.JvmPlugin),Set(Atom(sbt.plugins.JUnitXmlReportPlugin)))
[debug] Clause(Atom(sbt.plugins.CorePlugin),Set(Atom(sbt.plugins.Giter8TemplatePlugin)))
[debug] Clause(Atom(sbt.plugins.JvmPlugin),Set(Atom(sbt.plugins.MiniDependencyTreePlugin))))
[debug]   :: deduced result: Matched(sbt.plugins.CorePlugin,sbt.plugins.Giter8TemplatePlugin,sbt.plugins.IvyPlugin,sbt.plugins.JvmPlugin,sbt.plugins.MiniDependencyTreePlugin,sbt.plugins.JUnitXmlReportPlugin,sbt.plugins.SemanticdbPlugin)
[debug] Plugins.deducer#function took 1.780254 ms
[info] loading settings for project lab-1-build from idea.sbt ...
[debug]               Load.resolveProject(lab-1-build) took 10.786986ms
[debug]             Load.loadTransitive: finalizeProject(Project(id lab-1-build, base: D:\Education\V семестр\Функціональне програмування\Lab 1\project, plugins: List(<none>))) took 13.177862ms
[debug] [Loading] Done in D:\Education\V семестр\Функціональне програмування\Lab 1\project, returning: (lab-1-build)
[debug]           Load.loadUnit: loadedProjectsRaw took 2076.315495ms
[debug]           Load.loadUnit: cleanEvalClasses took 5.023195ms
[debug]         Load.loadUnit(file:/D:/Education/V%20семестр/Функціональне%20програмування/Lab%201/project/, ...) took 2108.348198ms
[debug]       Load.apply: load took 2109.986115ms
[debug]       Load.apply: resolveProjects took 0.176908ms
[debug]       Load.apply: finalTransforms took 55.287124ms
[debug]       Load.apply: config.delegates took 0.425473ms
[debug]       Load.apply: Def.make(settings)... took 85.908195ms
[debug]       Load.apply: structureIndex took 35.97622ms
[debug]       Load.apply: mkStreams took 0.002723ms
[info] loading project definition from D:\Education\V семестр\Функціональне програмування\Lab 1\project
[debug] Running task... Cancel: Signal, check cycles: false, forcegc: true
[warn] Unrecognized repository Scala Plugin Bundled Repository, ignoring it
[debug]     Load.loadUnit: plugins took 3368.323278ms
[debug]     Load.loadUnit: defsScala took 0.005727ms
[debug] [Loading] Scanning directory D:\Education\V семестр\Функціональне програмування\Lab 1
[debug]       Load.loadUnit: mkEval took 0.176559ms
[debug] [Loading] Found non-root projects 
[debug] [Loading] Done in D:\Education\V семестр\Функціональне програмування\Lab 1, returning: ()
[debug] deducing auto plugins based on known facts Set(Atom(sbt.plugins.CorePlugin)) and clauses Clauses(Clause(Atom(sbt.plugins.JvmPlugin),Set(Atom(sbt.plugins.IvyPlugin)))
[debug] Clause(Atom(sbt.ScriptedPlugin),Set(Atom(sbt.plugins.JvmPlugin)))
[debug] Clause(Atom(sbt.plugins.SbtPlugin),Set(Atom(sbt.ScriptedPlugin)))
[debug] Clause(Atom(sbt.plugins.SemanticdbPlugin),Set(Atom(sbt.plugins.JvmPlugin)))
[debug] Clause(Atom(sbt.plugins.JUnitXmlReportPlugin),Set(Atom(sbt.plugins.JvmPlugin)))
[debug] Clause(Atom(sbt.plugins.MiniDependencyTreePlugin),Set(Atom(sbt.plugins.JvmPlugin)))
[debug] Clause(Atom(org.jetbrains.sbt.StructurePlugin),Set(Atom(sbt.plugins.JvmPlugin)))
[debug] Clause(Atom(org.jetbrains.sbt.IdeaShellPlugin),Set(Atom(sbt.plugins.JvmPlugin)))
[debug] Clause(Atom(org.jetbrains.sbt.indices.SbtIntellijIndicesPlugin),Set(Atom(sbt.plugins.JvmPlugin)))
[debug] Clause(Atom(sbt.plugins.CorePlugin),Set(Atom(sbt.plugins.IvyPlugin)))
[debug] Clause(Atom(sbt.plugins.IvyPlugin),Set(Atom(sbt.plugins.JvmPlugin)))
[debug] Clause(Atom(sbt.plugins.JvmPlugin),Set(Atom(sbt.plugins.SemanticdbPlugin)))
[debug] Clause(Atom(sbt.plugins.JvmPlugin),Set(Atom(sbt.plugins.JUnitXmlReportPlugin)))
[debug] Clause(Atom(sbt.plugins.CorePlugin),Set(Atom(sbt.plugins.Giter8TemplatePlugin)))
[debug] Clause(Atom(sbt.plugins.JvmPlugin),Set(Atom(sbt.plugins.MiniDependencyTreePlugin)))
[debug] Clause(Atom(sbt.plugins.JvmPlugin),Set(Atom(org.jetbrains.sbt.StructurePlugin)))
[debug] Clause(Atom(sbt.plugins.JvmPlugin),Set(Atom(org.jetbrains.sbt.IdeaShellPlugin)))
[debug] Clause(And(Set(Atom(sbt.plugins.CorePlugin), Atom(sbt.plugins.JvmPlugin))),Set(Atom(org.jetbrains.sbt.indices.SbtIntellijIndicesPlugin))))
[debug]   :: deduced result: Matched(sbt.plugins.CorePlugin,sbt.plugins.Giter8TemplatePlugin,sbt.plugins.IvyPlugin,sbt.plugins.JvmPlugin,sbt.plugins.SemanticdbPlugin,org.jetbrains.sbt.indices.SbtIntellijIndicesPlugin,sbt.plugins.JUnitXmlReportPlugin,org.jetbrains.sbt.IdeaShellPlugin,org.jetbrains.sbt.StructurePlugin,sbt.plugins.MiniDependencyTreePlugin)
[debug] Plugins.deducer#function took 1.762374 ms
[info] loading settings for project lab-1 from build.sbt ...
[debug]         Load.resolveProject(lab-1) took 18.686593ms
[debug]       Load.loadTransitive: finalizeProject(Project(id lab-1, base: D:\Education\V семестр\Функціональне програмування\Lab 1, plugins: List(<none>))) took 21.289717ms
[debug] [Loading] Done in D:\Education\V семестр\Функціональне програмування\Lab 1, returning: (lab-1)
[debug]     Load.loadUnit: loadedProjectsRaw took 674.36853ms
[debug]     Load.loadUnit: cleanEvalClasses took 11.070751ms
[debug]   Load.loadUnit(file:/D:/Education/V%20семестр/Функціональне%20програмування/Lab%201/, ...) took 4054.517614ms
[debug] Load.apply: load took 4057.978388ms
[debug] Load.apply: resolveProjects took 0.161404ms
[debug] Load.apply: finalTransforms took 45.584565ms
[debug] Load.apply: config.delegates took 0.23313ms
[debug] Load.apply: Def.make(settings)... took 50.924768ms
[debug] Load.apply: structureIndex took 18.673113ms
[debug] Load.apply: mkStreams took 0.002654ms
[info] set current project to Lab 1 (in build file:/D:/Education/V%20семестр/Функціональне%20програмування/Lab%201/)
[debug] > Exec(sbtPopOnFailure, None, None)
[debug] > Exec(resumeFromFailure, None, None)
[debug] > Exec(notifyUsersAboutShell, None, None)
[debug] > Exec(iflast shell, None, None)
[debug] > Exec(; set ideaPort in Global := 62984 ; idea-shell, None, None)
[debug] > Exec(set ideaPort in Global := 62984, None, None)
[info] Defining Global / ideaPort
[info] The new value will be used by Compile / compile, Test / compile
[debug] Defining 
[debug] 	Global / ideaPort
[debug] 
[debug] The new value will be used by 
[debug] 	Compile / compile
[debug] 	Test / compile
[info] Reapplying settings...
[info] set current project to Lab 1 (in build file:/D:/Education/V%20семестр/Функціональне%20програмування/Lab%201/)
[debug] > Exec(idea-shell, None, None)
